/*C1*/SET SCHEMA SYSTEM_LOBS
INSERT INTO BLOCKS VALUES(0,2147483647,0)
COMMIT
/*C11*/SET SCHEMA PUBLIC
create table note (id integer generated by default as identity (start with 1), name varchar(100) not null, text clob(10000) not null, updated timestamp not null, pad_id integer, user_id integer not null, primary key (id))
create table pad (id integer generated by default as identity (start with 1), created timestamp not null, name varchar(100) not null, user_id integer not null, primary key (id))
create table recovery_token (id integer generated by default as identity (start with 1), expiration timestamp not null, token varchar(255) not null, user_id integer not null, primary key (id))
create table user (id integer generated by default as identity (start with 1), email varchar(255) not null, password varchar(255) not null, primary key (id))
create index UK_1ceefd5tv4whl3arf2t0h6uto on note (updated)
create index UK_qfj32rckxyv7shek4vslxnuan on note (name)
create index UK_joobf6kwcdkhls9yapwknkmiv on pad (created)
alter table user add constraint UK_ob8kqyqqgmefl0aco34akdtpe unique (email)
alter table note add constraint FK_ntuxv2nba8bhice0biq9f52eo foreign key (pad_id) references pad
alter table note add constraint FK_7strs0d8haoaf5fswi40yh5j7 foreign key (user_id) references user
alter table pad add constraint FK_dstbww33502jupvxnip06c1pw foreign key (user_id) references user
alter table recovery_token add constraint FK_owravmxvy5yujqbq8wf6jw42t foreign key (user_id) references user
INSERT INTO USER VALUES(1,'test@test.com','$2a$10$ZiQPEuAbX82OljliCbHZ/OTElVs3w2s9ap0TF2iumf11cS1qKnd4y')
COMMIT
/*C1*/INSERT INTO LOB_IDS VALUES(1,5,0,40)
ALTER SEQUENCE SYSTEM_LOBS.LOB_ID RESTART WITH 2
COMMIT
DELETE FROM BLOCKS WHERE BLOCK_ADDR=0
INSERT INTO BLOCKS VALUES(0,1,0)
INSERT INTO BLOCKS VALUES(1,2147483646,0)
DELETE FROM BLOCKS WHERE BLOCK_ADDR=0
INSERT INTO LOBS VALUES(0,1,0,1)
COMMIT
/*C11*/INSERT INTO NOTE VALUES(1,'test1',1,'2019-01-22 07:50:40.383000',NULL,1)
SET SCHEMA SYSTEM_LOBS
DELETE FROM LOB_IDS WHERE LOB_ID=1
INSERT INTO LOB_IDS VALUES(1,5,1,40)
COMMIT
SET SCHEMA PUBLIC
INSERT INTO PAD VALUES(1,'2019-01-22 07:50:45.745000','testpad1',1)
COMMIT
/*C1*/INSERT INTO LOB_IDS VALUES(2,5,0,40)
ALTER SEQUENCE SYSTEM_LOBS.LOB_ID RESTART WITH 3
COMMIT
DELETE FROM BLOCKS WHERE BLOCK_ADDR=1
INSERT INTO BLOCKS VALUES(1,1,0)
INSERT INTO BLOCKS VALUES(2,2147483645,0)
DELETE FROM BLOCKS WHERE BLOCK_ADDR=1
INSERT INTO LOBS VALUES(1,1,0,2)
COMMIT
/*C11*/INSERT INTO NOTE VALUES(2,'test2',2,'2019-01-22 07:50:55.293000',1,1)
SET SCHEMA SYSTEM_LOBS
DELETE FROM LOB_IDS WHERE LOB_ID=2
INSERT INTO LOB_IDS VALUES(2,5,1,40)
COMMIT
SET SCHEMA PUBLIC
DISCONNECT
/*C10*/SET SCHEMA PUBLIC
DISCONNECT
/*C9*/SET SCHEMA PUBLIC
DISCONNECT
/*C8*/SET SCHEMA PUBLIC
DISCONNECT
/*C7*/SET SCHEMA PUBLIC
DISCONNECT
/*C6*/SET SCHEMA PUBLIC
DISCONNECT
/*C5*/SET SCHEMA PUBLIC
DISCONNECT
/*C4*/SET SCHEMA PUBLIC
DISCONNECT
/*C3*/SET SCHEMA PUBLIC
DISCONNECT
/*C2*/SET SCHEMA PUBLIC
DISCONNECT
